#
# There is insufficient memory for the Java Runtime Environment to continue.
# Native memory allocation (malloc) failed to allocate 1048576 bytes for AllocateHeap
# Possible reasons:
#   The system is out of physical RAM or swap space
#   In 32 bit mode, the process size limit was hit
# Possible solutions:
#   Reduce memory load on the system
#   Increase physical memory or swap space
#   Check if swap backing store is full
#   Use 64 bit Java on a 64 bit OS
#   Decrease Java heap size (-Xmx/-Xms)
#   Decrease number of Java threads
#   Decrease Java thread stack sizes (-Xss)
#   Set larger code cache with -XX:ReservedCodeCacheSize=
# This output file may be truncated or incomplete.
#
#  Out of Memory Error (memory/allocation.inline.hpp:61), pid=29948, tid=0x0000000000007524
#
# JRE version:  (8.0_144-b01) (build )
# Java VM: Java HotSpot(TM) 64-Bit Server VM (25.144-b01 mixed mode windows-amd64 compressed oops)
# Failed to write core dump. Minidumps are not enabled by default on client versions of Windows
#

---------------  T H R E A D  ---------------

Current thread (0x00000000024b0800):  JavaThread "Unknown thread" [_thread_in_vm, id=29988, stack(0x0000000002390000,0x0000000002490000)]

Stack: [0x0000000002390000,0x0000000002490000]
[error occurred during error reporting (printing stack bounds), id 0xc0000005]

Native frames: (J=compiled Java code, j=interpreted, Vv=VM code, C=native code)


---------------  P R O C E S S  ---------------

Java Threads: ( => current thread )

Other Threads:

=>0x00000000024b0800 (exited) JavaThread "Unknown thread" [_thread_in_vm, id=29988, stack(0x0000000002390000,0x0000000002490000)]

VM state:not at safepoint (normal execution)

VM Mutex/Monitor currently owned by a thread: None

Heap:
 PSYoungGen      total 37888K, used 655K [0x00000000d6000000, 0x00000000d8a00000, 0x0000000100000000)
  eden space 32768K, 2% used [0x00000000d6000000,0x00000000d60a3d80,0x00000000d8000000)
  from space 5120K, 0% used [0x00000000d8500000,0x00000000d8500000,0x00000000d8a00000)
  to   space 5120K, 0% used [0x00000000d8000000,0x00000000d8000000,0x00000000d8500000)
 ParOldGen       total 86016K, used 0K [0x0000000082000000, 0x0000000087400000, 0x00000000d6000000)
  object space 86016K, 0% used [0x0000000082000000,0x0000000082000000,0x0000000087400000)
 Metaspace       used 752K, capacity 1092K, committed 1152K, reserved 1060864K
  class space    used 75K, capacity 384K, committed 384K, reserved 1048576K

Card table byte_map: [0x0000000011a20000,0x0000000011e20000] byte_map_base: 0x0000000011610000

Marking Bits: (ParMarkBitMap*) 0x0000000058afd850
 Begin Bits: [0x00000000128c0000, 0x0000000014840000)
 End Bits:   [0x0000000014840000, 0x00000000167c0000)

Polling page: 0x0000000000610000

CodeCache: size=245760Kb used=328Kb max_used=328Kb free=245431Kb
 bounds [0x0000000002660000, 0x00000000028d0000, 0x0000000011660000]
 total_blobs=58 nmethods=0 adapters=38
 compilation: enabled

Compilation events (0 events):
No events

GC Heap History (0 events):
No events

Deoptimization events (0 events):
No events

Internal exceptions (0 events):
No events

Events (10 events):
Event: 0.187 loading class java/lang/Short
Event: 0.187 loading class java/lang/Short done
Event: 0.187 loading class java/lang/Integer
Event: 0.187 loading class java/lang/Integer done
Event: 0.187 loading class java/lang/Long
Event: 0.188 loading class java/lang/Long done
Event: 0.189 loading class java/lang/NullPointerException
Event: 0.189 loading class java/lang/NullPointerException done
Event: 0.189 loading class java/lang/ArithmeticException
Event: 0.189 loading class java/lang/ArithmeticException done


Dynamic libraries:
0x00007ff6a17c0000 - 0x00007ff6a17f7000 	C:\Program Files\Java\jre1.8.0_144\bin\javaw.exe
0x00007ffce8490000 - 0x00007ffce8671000 	C:\WINDOWS\SYSTEM32\ntdll.dll
0x00007ffce6760000 - 0x00007ffce6812000 	C:\WINDOWS\System32\KERNEL32.DLL
0x00007ffce4900000 - 0x00007ffce4b73000 	C:\WINDOWS\System32\KERNELBASE.dll
0x00007ffce6a30000 - 0x00007ffce6ad1000 	C:\WINDOWS\System32\ADVAPI32.dll
0x00007ffce5a60000 - 0x00007ffce5afe000 	C:\WINDOWS\System32\msvcrt.dll
0x00007ffce63b0000 - 0x00007ffce640b000 	C:\WINDOWS\System32\sechost.dll
0x00007ffce6410000 - 0x00007ffce6534000 	C:\WINDOWS\System32\RPCRT4.dll
0x00007ffce6ae0000 - 0x00007ffce6c70000 	C:\WINDOWS\System32\USER32.dll
0x00007ffce57d0000 - 0x00007ffce57f0000 	C:\WINDOWS\System32\win32u.dll
0x00007ffce6a00000 - 0x00007ffce6a28000 	C:\WINDOWS\System32\GDI32.dll
0x00007ffce5630000 - 0x00007ffce57c2000 	C:\WINDOWS\System32\gdi32full.dll
0x00007ffce4860000 - 0x00007ffce48ff000 	C:\WINDOWS\System32\msvcp_win.dll
0x00007ffce5340000 - 0x00007ffce5438000 	C:\WINDOWS\System32\ucrtbase.dll
0x00007ffcdae20000 - 0x00007ffcdb089000 	C:\WINDOWS\WinSxS\amd64_microsoft.windows.common-controls_6595b64144ccf1df_6.0.17134.648_none_fb45a0e93062a6d2\COMCTL32.dll
0x00007ffce5b10000 - 0x00007ffce5e32000 	C:\WINDOWS\System32\combase.dll
0x00007ffce57f0000 - 0x00007ffce586a000 	C:\WINDOWS\System32\bcryptPrimitives.dll
0x00007ffce82d0000 - 0x00007ffce82fd000 	C:\WINDOWS\System32\IMM32.DLL
0x00000000580a0000 - 0x0000000058172000 	C:\Program Files\Java\jre1.8.0_144\bin\msvcr100.dll
0x00000000582e0000 - 0x0000000058b7d000 	C:\Program Files\Java\jre1.8.0_144\bin\server\jvm.dll
0x00007ffce65b0000 - 0x00007ffce65b8000 	C:\WINDOWS\System32\PSAPI.DLL
0x00007ffcdc6d0000 - 0x00007ffcdc6da000 	C:\WINDOWS\SYSTEM32\VERSION.dll
0x00007ffce3680000 - 0x00007ffce3689000 	C:\WINDOWS\SYSTEM32\WSOCK32.dll
0x00007ffcd88f0000 - 0x00007ffcd8913000 	C:\WINDOWS\SYSTEM32\WINMM.dll
0x00007ffce6540000 - 0x00007ffce65ac000 	C:\WINDOWS\System32\WS2_32.dll
0x00007ffcd7bc0000 - 0x00007ffcd7bea000 	C:\WINDOWS\SYSTEM32\winmmbase.dll
0x00007ffce58d0000 - 0x00007ffce5919000 	C:\WINDOWS\System32\cfgmgr32.dll
0x000000005b6a0000 - 0x000000005b6af000 	C:\Program Files\Java\jre1.8.0_144\bin\verify.dll
0x000000005b670000 - 0x000000005b699000 	C:\Program Files\Java\jre1.8.0_144\bin\java.dll
0x000000005b620000 - 0x000000005b636000 	C:\Program Files\Java\jre1.8.0_144\bin\zip.dll

VM Arguments:
jvm_args: -Dfile.encoding=Cp1252 
java_command: Game
java_class_path (initial): C:\Users\jamie\eclipse-workspace\C0520_Assessment_3\bin;C:\Users\jamie\Downloads\swing-layout-1.0.2.jar
Launcher Type: SUN_STANDARD

Environment Variables:
JAVA_HOME=C:\PROGRA~1\Java\JDK18~1.0_1
JRE_HOME=C:\PROGRA~1\Java\JRE18~1.0_1
PATH=C:/Program Files/Java/jre1.8.0_144/bin/server;C:/Program Files/Java/jre1.8.0_144/bin;C:/Program Files/Java/jre1.8.0_144/lib/amd64;C:\ProgramData\Oracle\Java\javapath;C:\Program Files (x86)\Intel\iCLS Client\;C:\Program Files\Intel\iCLS Client\;C:\Windows\system32;C:\Windows;C:\Windows\System32\Wbem;C:\Windows\System32\WindowsPowerShell\v1.0\;C:\Program Files (x86)\NVIDIA Corporation\PhysX\Common;C:\Program Files (x86)\Intel\Intel(R) Management Engine Components\DAL;C:\Program Files\Intel\Intel(R) Management Engine Components\DAL;C:\Program Files (x86)\Intel\Intel(R) Management Engine Components\IPT;C:\Program Files\Intel\Intel(R) Management Engine Components\IPT;C:\WINDOWS\system32;C:\WINDOWS;C:\WINDOWS\System32\Wbem;C:\WINDOWS\System32\WindowsPowerShell\v1.0\;C:\Program Files\Git\cmd;C:\Program Files\Java\jdk1.8.0_144\bin;C:\Program Files\Java\jre1.8.0_144\bin;;C:\WINDOWS\System32\OpenSSH\;C:\Program Files\Intel\WiFi\bin\;C:\Program Files\Common Files\Intel\WirelessCommon\;C:\Users\jamie\AppData\Local\Microsoft\WindowsApps;C:\Program Files\Microsoft VS Code\bin;C:\Program Files\Java\jdk1.8.0_144\bin;C:\Program Files\Java\jre1.8.0_144\bin;;C:\Users\jamie\AppData\Local\Yatta\Launcher\installations\eclipse-ide-for-java-ee-developers\eclipse;
USERNAME=jamie
OS=Windows_NT
PROCESSOR_IDENTIFIER=Intel64 Family 6 Model 94 Stepping 3, GenuineIntel



---------------  S Y S T E M  ---------------

OS: Windows 10.0 , 64 bit Build 17134 (10.0.17134.648)

CPU:total 8 (initial active 8) (4 cores per cpu, 2 threads per core) family 6 model 94 stepping 3, cmov, cx8, fxsr, mmx, sse, sse2, sse3, ssse3, sse4.1, sse4.2, popcnt, avx, avx2, aes, clmul, erms, rtm, 3dnowpref, lzcnt, ht, tsc, tscinvbit, bmi1, bmi2, adx

Memory: 4k page, physical 8253492k(1569892k free), swap 33419316k(6064k free)

vm_info: Java HotSpot(TM) 64-Bit Server VM (25.144-b01) for windows-amd64 JRE (1.8.0_144-b01), built on Jul 21 2017 21:57:33 by "java_re" with MS VC++ 10.0 (VS2010)

time: Fri Mar 15 15:49:48 2019
elapsed time: 0 seconds (0d 0h 0m 0s)

